{
  "RSpec": {
    "coverage": {
      "/Users/livienyin/Dropbox/Projects/WDI/statusboard-github/app/controllers/application_controller.rb": [
        1,
        1,
        null
      ],
      "/Users/livienyin/Dropbox/Projects/WDI/statusboard-github/app/helpers/application_helper.rb": [
        1,
        null
      ],
      "/Users/livienyin/Dropbox/Projects/WDI/statusboard-github/app/helpers/graph_helper.rb": [
        1,
        null
      ],
      "/Users/livienyin/Dropbox/Projects/WDI/statusboard-github/app/controllers/graph_controller.rb": [
        1,
        null,
        1,
        3,
        null,
        null,
        1,
        3,
        null,
        null,
        null,
        null,
        null,
        null,
        null,
        null,
        3,
        null,
        null,
        null
      ],
      "/Users/livienyin/Dropbox/Projects/WDI/statusboard-github/app/models/git_graph.rb": [
        1,
        1,
        null,
        1,
        2,
        null,
        null,
        1,
        2,
        2,
        2,
        2,
        null,
        null,
        null,
        null,
        null,
        2,
        null,
        2,
        null,
        null,
        null
      ]
    },
    "timestamp": 1369029781
  }
}
